<?xml version="1.0" encoding="utf-8"?><testsuite errors="0" failures="0" name="pytest" skips="0" tests="8" time="0.057"><testcase classname="test_submit.TestChallenge1" file="test_submit.py" line="29" name="test_len" time="0.0010902881622314453"></testcase><testcase classname="test_submit.TestChallenge1" file="test_submit.py" line="33" name="test_1" time="0.0010988712310791016"></testcase><testcase classname="test_submit.TestChallenge1" file="test_submit.py" line="37" name="test_2" time="0.0009322166442871094"></testcase><testcase classname="test_submit.TestChallenge1" file="test_submit.py" line="41" name="test_3" time="0.001005411148071289"></testcase><testcase classname="test_submit.TestChallenge1" file="test_submit.py" line="45" name="test_4" time="0.0009489059448242188"></testcase><testcase classname="test_submit.TestChallenge1" file="test_submit.py" line="49" name="test_5" time="0.0009241104125976562"></testcase><testcase classname="test_submit.TestChallenge1" file="test_submit.py" line="53" name="test_6" time="0.002263307571411133"></testcase><testcase classname="test_submit.TestChallenge1" file="test_submit.py" line="57" name="test_7" time="0.0011563301086425781"></testcase></testsuite>